[INFO] 19:11:27:755 SERVER/(25762:25762): Configuración levantada
	SERVER IP: "localhost"
	LISTEN_PORT: 5003
	SERVER_NAME: "Anime".
[INFO] 19:12:29:934 SERVER/(27039:27039): Configuración levantada
	SERVER IP: "localhost"
	LISTEN_PORT: 5003
	SERVER_NAME: "Anime".
[INFO] 20:17:03:233 SERVER/(18432:18432): Configuración levantada
	SERVER IP: "localhost"
	LISTEN_PORT: 5003
	SERVER_NAME: "Anime".
[INFO] 20:22:30:26 SERVER/(22873:22873): Configuración levantada
	SERVER IP: "localhost"
	LISTEN_PORT: 5003
[INFO] 20:22:53:892 SERVER/(23361:23361): Configuración levantada
	SERVER IP: "localhost"
	SERVER_PORT: 5003
[INFO] 20:26:38:874 SERVER/(24048:24048): Configuración levantada
	SERVER IP: localhost
	SERVER_PORT: 5003
[INFO] 20:27:09:541 SERVER/(24418:24418): Configuración levantada
	SERVER IP: localhost
	SERVER_PORT: 5003
[INFO] 20:31:02:37 SERVER/(26111:26111): Configuración levantada
	SERVER IP: localhost
	SERVER_PORT: 5003
[INFO] 20:31:19:253 SERVER/(26762:26762): Configuración levantada
	SERVER IP: localhost
	SERVER_PORT: 5003
[INFO] 20:37:52:986 SERVER/(29061:29061): Configuración levantada
	SERVER IP: localhost
	SERVER_PORT: 5003
[INFO] 20:38:48:256 SERVER/(30042:30042): Configuración levantada
	SERVER IP: localhost
	SERVER_PORT: 5003
[ERROR] 20:38:50:620 SERVER/(30042:30055): Error al bindear el socket
[ERROR] 20:38:50:620 SERVER/(30042:30055): Error al bindear el socket
[INFO] 20:38:50:697 SERVER/(30042:30055): Hilo de servidor iniciado...
[INFO] 20:39:08:268 SERVER/(30191:30191): Configuración levantada
	SERVER IP: localhost
	SERVER_PORT: 5003
[INFO] 20:39:18:902 SERVER/(30394:30394): Configuración levantada
	SERVER IP: localhost
	SERVER_PORT: 5003
[INFO] 20:40:15:918 SERVER/(31445:31445): Configuración levantada
	SERVER IP: localhost
	SERVER_PORT: 5003
[ERROR] 20:40:18:862 SERVER/(31445:31454): Error al bindear el socket
[ERROR] 20:40:18:862 SERVER/(31445:31454): Error al bindear el socket
[INFO] 20:40:18:923 SERVER/(31445:31454): Hilo de servidor iniciado...
[INFO] 21:50:18:148 SERVER/(22157:22157): Configuración levantada
	SERVER IP: localhost
	SERVER_PORT: 5003
[INFO] 21:51:32:59 SERVER/(25758:25758): Configuración levantada
	SERVER IP: localhost
	SERVER_PORT: 5003
[INFO] 21:52:02:420 SERVER/(27333:27333): Configuración levantada
	SERVER IP: localhost
	SERVER_PORT: 5003
[INFO] 21:53:18:772 SERVER/(31265:31265): Configuración levantada
	SERVER IP: localhost
	SERVER_PORT: 5003
[INFO] 21:54:17:796 SERVER/(1540:1540): Configuración levantada
	SERVER IP: localhost
	SERVER_PORT: 5003
[INFO] 21:55:07:482 SERVER/(4373:4373): Configuración levantada
	SERVER IP: localhost
	SERVER_PORT: 5003
[INFO] 21:55:41:260 SERVER/(8101:8101): Configuración levantada
	SERVER IP: localhost
	SERVER_PORT: 5003
[INFO] 21:56:57:260 SERVER/(9792:9792): Configuración levantada
	SERVER IP: localhost
	SERVER_PORT: 5003
[INFO] 21:57:52:196 SERVER/(10309:10309): Configuración levantada
	SERVER IP: localhost
	SERVER_PORT: 5003
[ERROR] 21:57:59:754 SERVER/(10309:10436): Error al bindear el socket
[INFO] 21:57:59:760 SERVER/(10309:10436): Hilo de servidor iniciado...
